[trax.acrothemes.com/bootstrap-v5/index.html]
[backblue.gif]
[fade.gif]
[index.html]
[trax.acrothemes.com/bootstrap-v5/images/favicon.ico]
[trax.acrothemes.com/bootstrap-v5/css/bootstrap.min.css]
[trax.acrothemes.com/bootstrap-v5/css/all.min.css]
[trax.acrothemes.com/bootstrap-v5/css/animate.min.css]
[trax.acrothemes.com/bootstrap-v5/css/owl.carousel.min.css]
[trax.acrothemes.com/bootstrap-v5/css/jquery.fancybox.min.css]
[trax.acrothemes.com/bootstrap-v5/css/tooltipster.min.css]
[trax.acrothemes.com/bootstrap-v5/css/cubeportfolio.min.css]
[trax.acrothemes.com/bootstrap-v5/css/revolution/navigation.css]
[trax.acrothemes.com/bootstrap-v5/css/revolution/settings.css]
[trax.acrothemes.com/bootstrap-v5/css/style.css]
[trax.acrothemes.com/bootstrap-v5/images/logo-transparent.png]
[trax.acrothemes.com/bootstrap-v5/images/logo.png]
[trax.acrothemes.com/bootstrap-v5/index-creative-agency.html]
[trax.acrothemes.com/bootstrap-v5/index-light.html]
[trax.acrothemes.com/bootstrap-v5/index-video.html]
[trax.acrothemes.com/bootstrap-v5/index-modern-agency.html]
[trax.acrothemes.com/bootstrap-v5/index-classic-startup.html]
[trax.acrothemes.com/bootstrap-v5/index-flat.html]
[trax.acrothemes.com/bootstrap-v5/index-innovative.html]
[trax.acrothemes.com/bootstrap-v5/index-one-page.html]
[trax.acrothemes.com/bootstrap-v5/index-center-logo.html]
[trax.acrothemes.com/bootstrap-v5/index-bottom-nav.html]
[trax.acrothemes.com/bootstrap-v5/index-gray.html]
[trax.acrothemes.com/bootstrap-v5/index-parallax.html]
[trax.acrothemes.com/bootstrap-v5/index-interactive-classic.html]
[trax.acrothemes.com/bootstrap-v5/index-design-studio.html]
[trax.acrothemes.com/bootstrap-v5/index-particles.html]
[trax.acrothemes.com/bootstrap-v5/about.html]
[trax.acrothemes.com/bootstrap-v5/services.html]
[trax.acrothemes.com/bootstrap-v5/services-detail.html]
[trax.acrothemes.com/bootstrap-v5/testimonial.html]
[trax.acrothemes.com/bootstrap-v5/contact.html]
[trax.acrothemes.com/bootstrap-v5/team.html]
[trax.acrothemes.com/bootstrap-v5/gallery.html]
[trax.acrothemes.com/bootstrap-v5/gallery-detail.html]
[trax.acrothemes.com/bootstrap-v5/pricing.html]
[trax.acrothemes.com/bootstrap-v5/404.html]
[trax.acrothemes.com/bootstrap-v5/faq.html]
[trax.acrothemes.com/bootstrap-v5/coming-soon.html]
[trax.acrothemes.com/bootstrap-v5/login.html]
[trax.acrothemes.com/bootstrap-v5/register.html]
[trax.acrothemes.com/bootstrap-v5/forget-password.html]
[trax.acrothemes.com/bootstrap-v5/support.html]
[trax.acrothemes.com/bootstrap-v5/shop.html]
[trax.acrothemes.com/bootstrap-v5/shop-detail.html]
[trax.acrothemes.com/bootstrap-v5/shop-cart.html]
[trax.acrothemes.com/bootstrap-v5/blog-1.html]
[trax.acrothemes.com/bootstrap-v5/blog-2.html]
[trax.acrothemes.com/bootstrap-v5/blog-detail.html]
[trax.acrothemes.com/bootstrap-v5/images/banner1-1.jpg]
[trax.acrothemes.com/bootstrap-v5/images/banner1-2.jpg]
[trax.acrothemes.com/bootstrap-v5/images/banner1-3.jpg]
[trax.acrothemes.com/bootstrap-v5/images/awesome-feature.png]
[trax.acrothemes.com/bootstrap-v5/images/iphone-slide-lock.jpg]
[trax.acrothemes.com/bootstrap-v5/images/iphone-slide2.jpg]
[trax.acrothemes.com/bootstrap-v5/images/iphone-slide3.jpg]
[trax.acrothemes.com/bootstrap-v5/images/iphone-slide1.jpg]
[trax.acrothemes.com/bootstrap-v5/images/iphone.png]
[trax.acrothemes.com/bootstrap-v5/images/team-1.jpg]
[trax.acrothemes.com/bootstrap-v5/images/team-2.jpg]
[trax.acrothemes.com/bootstrap-v5/images/team-3.jpg]
[trax.acrothemes.com/bootstrap-v5/images/team-4.jpg]
[trax.acrothemes.com/bootstrap-v5/images/logo-1.png]
[trax.acrothemes.com/bootstrap-v5/images/logo-2.png]
[trax.acrothemes.com/bootstrap-v5/images/logo-3.png]
[trax.acrothemes.com/bootstrap-v5/images/logo-4.png]
[trax.acrothemes.com/bootstrap-v5/images/logo-5.png]
[trax.acrothemes.com/bootstrap-v5/images/testimonial-1.jpg]
[trax.acrothemes.com/bootstrap-v5/images/testimonial-2.jpg]
[trax.acrothemes.com/bootstrap-v5/images/testimonial-3.jpg]
[trax.acrothemes.com/bootstrap-v5/images/testimonial-4.jpg]
[trax.acrothemes.com/bootstrap-v5/js/jquery-3.6.0.min.js]
[trax.acrothemes.com/bootstrap-v5/js/propper.min.js]
[trax.acrothemes.com/bootstrap-v5/js/bootstrap.min.js]
[trax.acrothemes.com/bootstrap-v5/js/jquery.appear.js]
[trax.acrothemes.com/bootstrap-v5/js/owl.carousel.min.js]
[trax.acrothemes.com/bootstrap-v5/js/jquery-countTo.js]
[trax.acrothemes.com/bootstrap-v5/js/parallaxie.js]
[trax.acrothemes.com/bootstrap-v5/js/jquery.cubeportfolio.min.js]
[trax.acrothemes.com/bootstrap-v5/js/jquery.fancybox.min.js]
[trax.acrothemes.com/bootstrap-v5/js/tooltipster.min.js]
[trax.acrothemes.com/bootstrap-v5/js/wow.js]
[trax.acrothemes.com/bootstrap-v5/js/revolution/jquery.themepunch.tools.min.js]
[trax.acrothemes.com/bootstrap-v5/js/revolution/jquery.themepunch.revolution.min.js]
[trax.acrothemes.com/bootstrap-v5/js/revolution/extensions/revolution.extension.actions.min.js]
[trax.acrothemes.com/bootstrap-v5/js/revolution/extensions/revolution.extension.carousel.min.js]
[trax.acrothemes.com/bootstrap-v5/js/revolution/extensions/revolution.extension.kenburn.min.js]
[trax.acrothemes.com/bootstrap-v5/js/revolution/extensions/revolution.extension.layeranimation.min.js]
[trax.acrothemes.com/bootstrap-v5/js/revolution/extensions/revolution.extension.migration.min.js]
[trax.acrothemes.com/bootstrap-v5/js/revolution/extensions/revolution.extension.navigation.min.js]
[trax.acrothemes.com/bootstrap-v5/js/revolution/extensions/revolution.extension.parallax.min.js]
[trax.acrothemes.com/bootstrap-v5/js/revolution/extensions/revolution.extension.slideanims.min.js]
[trax.acrothemes.com/bootstrap-v5/js/revolution/extensions/revolution.extension.video.min.js]
[trax.acrothemes.com/bootstrap-v5/index.html]
[trax.acrothemes.com/bootstrap-v5/css/bootstrap.min.css]
[trax.acrothemes.com/bootstrap-v5/js/functions.js]
[trax.acrothemes.com/bootstrap-v5/webfonts/fa-brands-400.eot]
[trax.acrothemes.com/bootstrap-v5/webfonts/fa-brands-400d41d.eot]
[trax.acrothemes.com/bootstrap-v5/webfonts/fa-brands-400.woff]
[trax.acrothemes.com/bootstrap-v5/webfonts/fa-brands-400.ttf]
[trax.acrothemes.com/bootstrap-v5/webfonts/fa-regular-400.eot]
[trax.acrothemes.com/bootstrap-v5/webfonts/fa-regular-400d41d.eot]
[trax.acrothemes.com/bootstrap-v5/webfonts/fa-regular-400.woff]
[trax.acrothemes.com/bootstrap-v5/webfonts/fa-regular-400.ttf]
[trax.acrothemes.com/bootstrap-v5/webfonts/fa-regular-400.svg]
[trax.acrothemes.com/bootstrap-v5/webfonts/fa-solid-900.eot]
[trax.acrothemes.com/bootstrap-v5/webfonts/fa-solid-900d41d.eot]
[trax.acrothemes.com/bootstrap-v5/webfonts/fa-brands-400.svg]
[trax.acrothemes.com/bootstrap-v5/webfonts/fa-solid-900.woff]
[trax.acrothemes.com/bootstrap-v5/webfonts/fa-solid-900.ttf]
[trax.acrothemes.com/bootstrap-v5/css/all.min.css]
[trax.acrothemes.com/bootstrap-v5/css/animate.min.css]
[trax.acrothemes.com/bootstrap-v5/css/owl.carousel.min.css]
[trax.acrothemes.com/bootstrap-v5/css/jquery.fancybox.min.css]
[trax.acrothemes.com/bootstrap-v5/css/tooltipster.min.css]
[trax.acrothemes.com/bootstrap-v5/css/cubeportfolio.min.css]
[trax.acrothemes.com/bootstrap-v5/css/revolution/navigation.css]
[trax.acrothemes.com/bootstrap-v5/css/fonts/revicons/revicons90c6.eot]
[trax.acrothemes.com/bootstrap-v5/webfonts/fa-solid-900.svg]
[trax.acrothemes.com/bootstrap-v5/css/fonts/revicons/revicons90c6.woff]
[trax.acrothemes.com/bootstrap-v5/css/fonts/revicons/revicons90c6.ttf]
[trax.acrothemes.com/bootstrap-v5/css/fonts/revicons/revicons90c6.svg]
[trax.acrothemes.com/bootstrap-v5/css/revolution/settings.css]
[trax.acrothemes.com/bootstrap-v5/images/leftarrow.png]
[trax.acrothemes.com/bootstrap-v5/images/rightarrow.png]
[trax.acrothemes.com/bootstrap-v5/images/bg-part-header.jpg]
[trax.acrothemes.com/bootstrap-v5/images/bg-single-1.jpg]
[trax.acrothemes.com/bootstrap-v5/images/bg-single-2.jpg]
[trax.acrothemes.com/bootstrap-v5/images/bg-single-3.jpg]
[trax.acrothemes.com/bootstrap-v5/images/bg-single-4.jpg]
[trax.acrothemes.com/bootstrap-v5/images/bg-single-5.jpg]
[trax.acrothemes.com/bootstrap-v5/images/bg-single-6.jpg]
[trax.acrothemes.com/bootstrap-v5/images/bg-single-7.jpg]
[trax.acrothemes.com/bootstrap-v5/images/bg-about-header.jpg]
[trax.acrothemes.com/bootstrap-v5/images/banner9.jpg]
[trax.acrothemes.com/bootstrap-v5/images/bg-parallax-header.jpg]
[trax.acrothemes.com/bootstrap-v5/images/bg-blog-header.jpg]
[trax.acrothemes.com/bootstrap-v5/images/bg-blog2-header.jpg]
[trax.acrothemes.com/bootstrap-v5/images/bg-blog-detail-header.jpg]
[trax.acrothemes.com/bootstrap-v5/images/bg-service-header.jpg]
[trax.acrothemes.com/bootstrap-v5/images/bg-service-detail-header.jpg]
[trax.acrothemes.com/bootstrap-v5/images/bg-contact-header.jpg]
[trax.acrothemes.com/bootstrap-v5/images/bg-gallery-header.jpg]
[trax.acrothemes.com/bootstrap-v5/images/bg-gallery-detail-header.jpg]
[trax.acrothemes.com/bootstrap-v5/images/bg-shop-detail-header.jpg]
[trax.acrothemes.com/bootstrap-v5/images/bg-shop-header.jpg]
[trax.acrothemes.com/bootstrap-v5/images/bg-cart-header.jpg]
[trax.acrothemes.com/bootstrap-v5/images/bg-team-header.jpg]
[trax.acrothemes.com/bootstrap-v5/images/bg-pricing-header.jpg]
[trax.acrothemes.com/bootstrap-v5/images/bg-testimonial-header.jpg]
[trax.acrothemes.com/bootstrap-v5/images/bg-faq-header.jpg]
[trax.acrothemes.com/bootstrap-v5/images/bg-404-header.jpg]
[trax.acrothemes.com/bootstrap-v5/images/bg-coming-soon-header.jpg]
[trax.acrothemes.com/bootstrap-v5/images/bg-sign-in-header.jpg]
[trax.acrothemes.com/bootstrap-v5/images/bg-sign-up-header.jpg]
[trax.acrothemes.com/bootstrap-v5/images/bg-reset-header.jpg]
[trax.acrothemes.com/bootstrap-v5/images/testimonial-bg.jpg]
[trax.acrothemes.com/bootstrap-v5/images/counter-bg.jpg]
[trax.acrothemes.com/bootstrap-v5/css/style.css]
[trax.acrothemes.com/bootstrap-v5/images/bg-single-66.jpg]
[trax.acrothemes.com/bootstrap-v5/index-creative-agency.html]
[trax.acrothemes.com/bootstrap-v5/images/banner-light1-1.jpg]
[trax.acrothemes.com/bootstrap-v5/images/banner-light1-2.jpg]
[trax.acrothemes.com/bootstrap-v5/images/banner-light1-3.jpg]
[trax.acrothemes.com/bootstrap-v5/index-light.html]
[trax.acrothemes.com/bootstrap-v5/video/thumb.jpg]
[trax.acrothemes.com/bootstrap-v5/index-video.html]
[trax.acrothemes.com/bootstrap-v5/images/banner6.jpg]
[trax.acrothemes.com/bootstrap-v5/images/banner8.jpg]
[trax.acrothemes.com/bootstrap-v5/images/banner7.jpg]
[trax.acrothemes.com/bootstrap-v5/index-modern-agency.html]
[trax.acrothemes.com/bootstrap-v5/images/startup-1.jpg]
[trax.acrothemes.com/bootstrap-v5/index-classic-startup.html]
[trax.acrothemes.com/bootstrap-v5/js/typed.min.js]
[trax.acrothemes.com/bootstrap-v5/images/bg-flat-header.jpg]
[trax.acrothemes.com/bootstrap-v5/index-flat.html]
[trax.acrothemes.com/bootstrap-v5/images/transparent-bg.png]
[trax.acrothemes.com/bootstrap-v5/images/top-left.png]
[trax.acrothemes.com/bootstrap-v5/images/top-right.png]
[trax.acrothemes.com/bootstrap-v5/images/papers.png]
[trax.acrothemes.com/bootstrap-v5/images/pencil.png]
[trax.acrothemes.com/bootstrap-v5/images/header-edding.png]
[trax.acrothemes.com/bootstrap-v5/images/bottom-right.png]
[trax.acrothemes.com/bootstrap-v5/index-innovative.html]
[trax.acrothemes.com/bootstrap-v5/images/banner-single-1.jpg]
[trax.acrothemes.com/bootstrap-v5/images/banner-single-2.jpg]
[trax.acrothemes.com/bootstrap-v5/images/banner-single-3.jpg]
[trax.acrothemes.com/bootstrap-v5/images/gallery-1.jpg]
[trax.acrothemes.com/bootstrap-v5/images/gallery-4.jpg]
[trax.acrothemes.com/bootstrap-v5/images/gallery-11.jpg]
[trax.acrothemes.com/bootstrap-v5/images/gallery-2.jpg]
[trax.acrothemes.com/bootstrap-v5/images/gallery-7.jpg]
[trax.acrothemes.com/bootstrap-v5/images/gallery-9.jpg]
[trax.acrothemes.com/bootstrap-v5/load-more.html]
[trax.acrothemes.com/bootstrap-v5/images/bg-video-section.jpg]
[trax.acrothemes.com/bootstrap-v5/images/blog-measonry1.jpg]
[trax.acrothemes.com/bootstrap-v5/images/blog-measonry4.jpg]
[trax.acrothemes.com/bootstrap-v5/images/blog-measonry6.jpg]
[trax.acrothemes.com/bootstrap-v5/index-one-page.html]
[trax.acrothemes.com/bootstrap-v5/images/banner2.jpg]
[trax.acrothemes.com/bootstrap-v5/images/banner4.jpg]
[trax.acrothemes.com/bootstrap-v5/images/banner3.jpg]
[trax.acrothemes.com/bootstrap-v5/index-center-logo.html]
[trax.acrothemes.com/bootstrap-v5/images/banner5.jpg]
[trax.acrothemes.com/bootstrap-v5/index-bottom-nav.html]
[trax.acrothemes.com/bootstrap-v5/images/banner10.jpg]
[trax.acrothemes.com/bootstrap-v5/index-gray.html]
[trax.acrothemes.com/bootstrap-v5/css/jquery.pagepiling.min.css]
[trax.acrothemes.com/bootstrap-v5/images/bg-single-11.jpg]
[trax.acrothemes.com/bootstrap-v5/images/bg-single-22.jpg]
[trax.acrothemes.com/bootstrap-v5/images/bg-single-222.jpg]
[trax.acrothemes.com/bootstrap-v5/images/bg-single-33.jpg]
[trax.acrothemes.com/bootstrap-v5/images/bg-single-333.jpg]
[trax.acrothemes.com/bootstrap-v5/images/bg-single-44.jpg]
[trax.acrothemes.com/bootstrap-v5/images/bg-single-55.jpg]
[trax.acrothemes.com/bootstrap-v5/images/bg-single-555.jpg]
[trax.acrothemes.com/bootstrap-v5/index-parallax.html]
[trax.acrothemes.com/bootstrap-v5/js/jquery.pagepiling.min.js]
[trax.acrothemes.com/bootstrap-v5/images/bg-portfolio-1.jpg]
[trax.acrothemes.com/bootstrap-v5/images/bg-portfolio-2.jpg]
[trax.acrothemes.com/bootstrap-v5/images/bg-portfolio-3.jpg]
[trax.acrothemes.com/bootstrap-v5/images/bg-portfolio-4.jpg]
[trax.acrothemes.com/bootstrap-v5/images/bg-portfolio-5.jpg]
[trax.acrothemes.com/bootstrap-v5/index-interactive-classic.html]
[trax.acrothemes.com/bootstrap-v5/images/slider-bg.jpg]
[trax.acrothemes.com/bootstrap-v5/images/slider-img1.jpg]
[trax.acrothemes.com/bootstrap-v5/images/slider-ele1.png]
[trax.acrothemes.com/bootstrap-v5/images/slider-ele2.png]
[trax.acrothemes.com/bootstrap-v5/images/slider-ele3.png]
[trax.acrothemes.com/bootstrap-v5/images/slider-ele4.png]
[trax.acrothemes.com/bootstrap-v5/images/slider-ele5.png]
[trax.acrothemes.com/bootstrap-v5/images/slider-ele6.png]
[trax.acrothemes.com/bootstrap-v5/images/slider-ele7.png]
[trax.acrothemes.com/bootstrap-v5/images/laptop.png]
[trax.acrothemes.com/bootstrap-v5/index-design-studio.html]
[trax.acrothemes.com/bootstrap-v5/js/particles.min.js]
[trax.acrothemes.com/bootstrap-v5/index-particles.html]
[trax.acrothemes.com/bootstrap-v5/js/morphext.min.js]
[trax.acrothemes.com/bootstrap-v5/images/aboutus.png]
[trax.acrothemes.com/bootstrap-v5/about.html]
[trax.acrothemes.com/bootstrap-v5/images/service-1.jpg]
[trax.acrothemes.com/bootstrap-v5/images/service-2.jpg]
[trax.acrothemes.com/bootstrap-v5/images/service-3.jpg]
[trax.acrothemes.com/bootstrap-v5/images/service-4.jpg]
[trax.acrothemes.com/bootstrap-v5/images/service-5.jpg]
[trax.acrothemes.com/bootstrap-v5/images/service-6.jpg]
[trax.acrothemes.com/bootstrap-v5/services.html]
[trax.acrothemes.com/bootstrap-v5/images/blog-measonry2.jpg]
[trax.acrothemes.com/bootstrap-v5/services-detail.html]
[trax.acrothemes.com/bootstrap-v5/js/map.js]
[trax.acrothemes.com/bootstrap-v5/images/testimonial-5.jpg]
[trax.acrothemes.com/bootstrap-v5/images/testimonial-6.jpg]
[trax.acrothemes.com/bootstrap-v5/testimonial.html]
[trax.acrothemes.com/bootstrap-v5/contact.html]
[trax.acrothemes.com/bootstrap-v5/team.html]
[trax.acrothemes.com/bootstrap-v5/images/gallery-18.jpg]
[trax.acrothemes.com/bootstrap-v5/gallery.html]
[trax.acrothemes.com/bootstrap-v5/images/gallery-detail-1.jpg]
[trax.acrothemes.com/bootstrap-v5/images/gallery-detail-2.jpg]
[trax.acrothemes.com/bootstrap-v5/images/gallery-detail-3.jpg]
[trax.acrothemes.com/bootstrap-v5/images/gallery-detail-4.jpg]
[trax.acrothemes.com/bootstrap-v5/images/gallery-detail-5.jpg]
[trax.acrothemes.com/bootstrap-v5/images/blog-recent-1.jpg]
[trax.acrothemes.com/bootstrap-v5/images/blog-recent-2.jpg]
[trax.acrothemes.com/bootstrap-v5/images/blog-recent-3.jpg]
[trax.acrothemes.com/bootstrap-v5/gallery-detail.html]
[trax.acrothemes.com/bootstrap-v5/pricing.html]
[trax.acrothemes.com/bootstrap-v5/404.html]
[trax.acrothemes.com/bootstrap-v5/faq.html]
[trax.acrothemes.com/bootstrap-v5/images/coming-soon-bg.jpg]
[trax.acrothemes.com/bootstrap-v5/coming-soon.html]
[trax.acrothemes.com/bootstrap-v5/js/jquery.countdown.js]
[trax.acrothemes.com/bootstrap-v5/images/login-section.jpg]
[trax.acrothemes.com/bootstrap-v5/login.html]
[trax.acrothemes.com/bootstrap-v5/images/register-section.jpg]
[trax.acrothemes.com/bootstrap-v5/register.html]
[trax.acrothemes.com/bootstrap-v5/forget-password.html]
[trax.acrothemes.com/bootstrap-v5/support.html]
[trax.acrothemes.com/bootstrap-v5/images/shop-1.jpg]
[trax.acrothemes.com/bootstrap-v5/images/shop-3.jpg]
[trax.acrothemes.com/bootstrap-v5/images/shop-4.jpg]
[trax.acrothemes.com/bootstrap-v5/images/shop-2.jpg]
[trax.acrothemes.com/bootstrap-v5/images/shop-11.jpg]
[trax.acrothemes.com/bootstrap-v5/images/shop-6.jpg]
[trax.acrothemes.com/bootstrap-v5/images/shop-9.jpg]
[trax.acrothemes.com/bootstrap-v5/images/shop-8.jpg]
[trax.acrothemes.com/bootstrap-v5/images/shop-12.jpg]
[trax.acrothemes.com/bootstrap-v5/shop.html]
[trax.acrothemes.com/bootstrap-v5/images/shop-5.jpg]
[trax.acrothemes.com/bootstrap-v5/images/shop-7.jpg]
[trax.acrothemes.com/bootstrap-v5/images/shop-10.jpg]
[trax.acrothemes.com/bootstrap-v5/images/profile4.jpg]
[trax.acrothemes.com/bootstrap-v5/images/profile3.jpg]
[trax.acrothemes.com/bootstrap-v5/shop-detail.html]
[trax.acrothemes.com/bootstrap-v5/shop-cart.html]
[trax.acrothemes.com/bootstrap-v5/images/blog-measonry3.jpg]
[trax.acrothemes.com/bootstrap-v5/images/blog-measonry5.jpg]
[trax.acrothemes.com/bootstrap-v5/blog-1.html]
[trax.acrothemes.com/bootstrap-v5/images/blogfull1.jpg]
[trax.acrothemes.com/bootstrap-v5/images/blogfull2.jpg]
[trax.acrothemes.com/bootstrap-v5/images/blogfull3.jpg]
[trax.acrothemes.com/bootstrap-v5/blog-2.html]
[trax.acrothemes.com/bootstrap-v5/blog-detail.html]
[trax.acrothemes.com/bootstrap-v5/webfonts/fa-brands-400.html]
[trax.acrothemes.com/bootstrap-v5/webfonts/fa-brands-400.svg]
[trax.acrothemes.com/bootstrap-v5/webfonts/fa-regular-400.html]
[trax.acrothemes.com/bootstrap-v5/webfonts/fa-regular-400.svg]
[trax.acrothemes.com/bootstrap-v5/webfonts/fa-solid-900.html]
[trax.acrothemes.com/bootstrap-v5/webfonts/fa-solid-900.svg]
[trax.acrothemes.com/bootstrap-v5/css/owl.video.play.html]
[trax.acrothemes.com/bootstrap-v5/img/cbp-sprite.html]
[trax.acrothemes.com/bootstrap-v5/css/fonts/revicons/revicons90c6.svg]
[trax.acrothemes.com/bootstrap-v5/css/revolution/openhand.html]
[trax.acrothemes.com/bootstrap-v5/css/revolution/closedhand.html]
[trax.acrothemes.com/bootstrap-v5/css/assets/gridtile.html]
[trax.acrothemes.com/bootstrap-v5/css/assets/gridtile_white.html]
[trax.acrothemes.com/bootstrap-v5/css/assets/gridtile_3x3.html]
[trax.acrothemes.com/bootstrap-v5/css/assets/gridtile_3x3_white.html]
[trax.acrothemes.com/bootstrap-v5/css/assets/coloredbg.html]
[trax.acrothemes.com/bootstrap-v5/css/assets/loader.html]
[trax.acrothemes.com/bootstrap-v5/images/gallery-10.jpg]
[trax.acrothemes.com/bootstrap-v5/images/gallery-12.jpg]
[trax.acrothemes.com/bootstrap-v5/images/gallery-3.jpg]
[trax.acrothemes.com/bootstrap-v5/load-more.html]
[trax.acrothemes.com/bootstrap-v5/css/jquery.pagepiling.min.css]
[trax.acrothemes.com/bootstrap-v5/css/morphext.css]
